<?xml version="1.0" encoding="UTF-8"?>
<testsuites name="jest tests" tests="1" failures="0" errors="0" time="6.461">
  <testsuite name="undefined" errors="0" failures="0" skipped="0" timestamp="2022-02-15T17:17:13" time="6.224" tests="1">
    <testcase classname=" Snapshot" name=" Snapshot" time="0.91">
    </testcase>
  </testsuite>
</testsuites>