<?xml version="1.0" encoding="UTF-8"?>
<testsuites name="jest tests" tests="1" failures="0" errors="0" time="9.395">
  <testsuite name="undefined" errors="0" failures="0" skipped="0" timestamp="2022-02-10T13:46:56" time="9.156" tests="1">
    <testcase classname=" Snapshot" name=" Snapshot" time="1.123">
    </testcase>
  </testsuite>
</testsuites>